{
  "timestamp": "2022-05-19 15:24:14.684159",
  "device_info": {
    "serial_number": "AEIASEszUAggMTg0",
    "model": "800",
    "git_hash": "5bbb281a3d685c440a728dcbc2441e53355f405a",
    "git_dirty": false,
    "git_timestamp": 1652132899,
    "uuid": "71404975-68cc-4ec9-8904-d686c62f1d74"
  },
  "calibration": {
    "invert": false,
    "phase_invert": true,
    "poles": 14,
    "offset": [
      -1.8106160135312892,
      -1.8194303683721866,
      -1.8328968065019644,
      -1.8172836454887635,
      -1.8338906889026054,
      -1.850041136289112,
      -1.8221876722434869,
      -1.8193094527898372,
      -1.856156451291408,
      -1.8363642891271563,
      -1.8485370074329952,
      -1.8932381278034291,
      -1.8841013849577597,
      -1.8758082398976026,
      -1.8921196325822087,
      -1.8672090712751634,
      -1.8459570401974454,
      -1.8676501229563265,
      -1.8287512731377367,
      -1.8229492775943403,
      -1.8530680499227783,
      -1.8350785634050164,
      -1.8230944877502093,
      -1.8442762625482665,
      -1.8236779385833608,
      -1.7958612489153654,
      -1.8195861431519686,
      -1.7947662416384236,
      -1.7904699466870502,
      -1.822538834294241,
      -1.8233349109192156,
      -1.8058867657932403,
      -1.8422730712778284,
      -1.8353273316426895,
      -1.8116090667677762,
      -1.8416745999632795,
      -1.841956458376221,
      -1.83264573796892,
      -1.8631402493072735,
      -1.8788457430111845,
      -1.8580483823376917,
      -1.8898846648104326,
      -1.896233946020259,
      -1.875639661255719,
      -1.8952011803896653,
      -1.905803436874172,
      -1.882361447261791,
      -1.906202937678846,
      -1.9185265032438017,
      -1.8859465949703664,
      -1.8972722488776723,
      -1.9020776768241772,
      -1.8698923230015048,
      -1.865844653162684,
      -1.871862199492673,
      -1.8382897689786681,
      -1.8513925727617546,
      -1.8620515640172517,
      -1.8419235939450587,
      -1.863181508312378,
      -1.8733981891017912,
      -1.842286282610585,
      -1.8311026428941102,
      -1.847903370609934
    ]
  },
  "winding_resistance": 0.06058178898109254,
  "inductance": 3.445711883235189e-05,
  "pid_dq_kp": 0.043300092555034884,
  "pid_dq_ki": 76.12932128173097,
  "torque_bw_hz": 200.0,
  "encoder_filter_bw_hz": 400.0,
  "encoder_filter_kp": 5026.548245743669,
  "encoder_filter_ki": 6316546.81669719,
  "v_per_hz": 0.1044812552658773,
  "kv": 287.13284429496844,
  "unwrapped_position_scale": 0.166666
}
